# JRE version: OpenJDK Runtime Environment (17.0.6) (build 17.0.6+0-b2043.56-10027231)
# Java VM: OpenJDK 64-Bit Server VM (17.0.6+0-b2043.56-10027231, mixed mode, tiered, compressed oops, compressed class ptrs, g1 gc, windows-amd64)
GC Precious Log:
 CPUs: 8 total, 8 available
 Memory: 7991M
 Large Page Support: Disabled
 NUMA Support: Disabled
 Compressed Oops: Enabled (32-bit)
 Heap Region Size: 1M
 Heap Min Capacity: 8M
 Heap Initial Capacity: 126M
 Heap Max Capacity: 1536M
 Pre-touch: Disabled
 Parallel Workers: 8
 Concurrent Workers: 2
 Concurrent Refinement Workers: 8
 Periodic GC: Disabled
Heap:
 garbage-first heap   total 227328K, used 142833K [0x00000000a0000000, 0x0000000100000000)
  region size 1024K, 7 young (7168K), 7 survivors (7168K)
 Metaspace       used 99888K, committed 100800K, reserved 1138688K
  class space    used 13768K, committed 14144K, reserved 1048576K
GC Heap History (20 events):
Event: 10.815 GC heap after
{Heap after GC invocations=46 (full 0):
 garbage-first heap   total 147456K, used 84367K [0x00000000a0000000, 0x0000000100000000)
  region size 1024K, 3 young (3072K), 3 survivors (3072K)
 Metaspace       used 88313K, committed 89024K, reserved 1130496K
  class space    used 12161K, committed 12480K, reserved 1048576K
}
Event: 10.866 GC heap before
{Heap before GC invocations=46 (full 0):
 garbage-first heap   total 147456K, used 88463K [0x00000000a0000000, 0x0000000100000000)
  region size 1024K, 7 young (7168K), 3 survivors (3072K)
 Metaspace       used 88614K, committed 89344K, reserved 1130496K
  class space    used 12198K, committed 12480K, reserved 1048576K
}
Event: 10.872 GC heap after
{Heap after GC invocations=47 (full 0):
 garbage-first heap   total 147456K, used 84614K [0x00000000a0000000, 0x0000000100000000)
  region size 1024K, 1 young (1024K), 1 survivors (1024K)
 Metaspace       used 88614K, committed 89344K, reserved 1130496K
  class space    used 12198K, committed 12480K, reserved 1048576K
}
Event: 10.888 GC heap before
{Heap before GC invocations=47 (full 0):
 garbage-first heap   total 147456K, used 84614K [0x00000000a0000000, 0x0000000100000000)
  region size 1024K, 2 young (2048K), 1 survivors (1024K)
 Metaspace       used 88651K, committed 89344K, reserved 1130496K
  class space    used 12203K, committed 12480K, reserved 1048576K
}
Event: 10.890 GC heap after
{Heap after GC invocations=48 (full 0):
 garbage-first heap   total 212992K, used 84680K [0x00000000a0000000, 0x0000000100000000)
  region size 1024K, 1 young (1024K), 1 survivors (1024K)
 Metaspace       used 88651K, committed 89344K, reserved 1130496K
  class space    used 12203K, committed 12480K, reserved 1048576K
}
Event: 11.916 GC heap before
{Heap before GC invocations=48 (full 0):
 garbage-first heap   total 212992K, used 162504K [0x00000000a0000000, 0x0000000100000000)
  region size 1024K, 72 young (73728K), 1 survivors (1024K)
 Metaspace       used 90385K, committed 91200K, reserved 1130496K
  class space    used 12456K, committed 12800K, reserved 1048576K
}
Event: 11.925 GC heap after
{Heap after GC invocations=49 (full 0):
 garbage-first heap   total 212992K, used 104487K [0x00000000a0000000, 0x0000000100000000)
  region size 1024K, 9 young (9216K), 9 survivors (9216K)
 Metaspace       used 90385K, committed 91200K, reserved 1130496K
  class space    used 12456K, committed 12800K, reserved 1048576K
}
Event: 12.014 GC heap before
{Heap before GC invocations=49 (full 0):
 garbage-first heap   total 212992K, used 110631K [0x00000000a0000000, 0x0000000100000000)
  region size 1024K, 16 young (16384K), 9 survivors (9216K)
 Metaspace       used 90478K, committed 91328K, reserved 1130496K
  class space    used 12467K, committed 12800K, reserved 1048576K
}
Event: 12.018 GC heap after
{Heap after GC invocations=50 (full 0):
 garbage-first heap   total 212992K, used 106672K [0x00000000a0000000, 0x0000000100000000)
  region size 1024K, 2 young (2048K), 2 survivors (2048K)
 Metaspace       used 90478K, committed 91328K, reserved 1130496K
  class space    used 12467K, committed 12800K, reserved 1048576K
}
Event: 12.829 GC heap before
{Heap before GC invocations=51 (full 0):
 garbage-first heap   total 212992K, used 169136K [0x00000000a0000000, 0x0000000100000000)
  region size 1024K, 61 young (62464K), 2 survivors (2048K)
 Metaspace       used 91189K, committed 92096K, reserved 1130496K
  class space    used 12562K, committed 12928K, reserved 1048576K
}
Event: 12.838 GC heap after
{Heap after GC invocations=52 (full 0):
 garbage-first heap   total 212992K, used 118267K [0x00000000a0000000, 0x0000000100000000)
  region size 1024K, 8 young (8192K), 8 survivors (8192K)
 Metaspace       used 91189K, committed 92096K, reserved 1130496K
  class space    used 12562K, committed 12928K, reserved 1048576K
}
Event: 12.862 GC heap before
{Heap before GC invocations=52 (full 0):
 garbage-first heap   total 212992K, used 120315K [0x00000000a0000000, 0x0000000100000000)
  region size 1024K, 10 young (10240K), 8 survivors (8192K)
 Metaspace       used 91249K, committed 92160K, reserved 1130496K
  class space    used 12572K, committed 12928K, reserved 1048576K
}
Event: 12.869 GC heap after
{Heap after GC invocations=53 (full 0):
 garbage-first heap   total 212992K, used 119646K [0x00000000a0000000, 0x0000000100000000)
  region size 1024K, 2 young (2048K), 2 survivors (2048K)
 Metaspace       used 91249K, committed 92160K, reserved 1130496K
  class space    used 12572K, committed 12928K, reserved 1048576K
}
Event: 13.646 GC heap before
{Heap before GC invocations=53 (full 0):
 garbage-first heap   total 212992K, used 169822K [0x00000000a0000000, 0x0000000100000000)
  region size 1024K, 51 young (52224K), 2 survivors (2048K)
 Metaspace       used 96656K, committed 97536K, reserved 1138688K
  class space    used 13352K, committed 13696K, reserved 1048576K
}
Event: 13.652 GC heap after
{Heap after GC invocations=54 (full 0):
 garbage-first heap   total 212992K, used 124553K [0x00000000a0000000, 0x0000000100000000)
  region size 1024K, 7 young (7168K), 7 survivors (7168K)
 Metaspace       used 96656K, committed 97536K, reserved 1138688K
  class space    used 13352K, committed 13696K, reserved 1048576K
}
Event: 14.280 GC heap before
{Heap before GC invocations=55 (full 0):
 garbage-first heap   total 227328K, used 170633K [0x00000000a0000000, 0x0000000100000000)
  region size 1024K, 52 young (53248K), 7 survivors (7168K)
 Metaspace       used 99016K, committed 99968K, reserved 1138688K
  class space    used 13655K, committed 14016K, reserved 1048576K
}
Event: 14.291 GC heap after
{Heap after GC invocations=56 (full 0):
 garbage-first heap   total 227328K, used 131652K [0x00000000a0000000, 0x0000000100000000)
  region size 1024K, 7 young (7168K), 7 survivors (7168K)
 Metaspace       used 99016K, committed 99968K, reserved 1138688K
  class space    used 13655K, committed 14016K, reserved 1048576K
}
Event: 14.350 GC heap before
{Heap before GC invocations=56 (full 0):
 garbage-first heap   total 227328K, used 135748K [0x00000000a0000000, 0x0000000100000000)
  region size 1024K, 11 young (11264K), 7 survivors (7168K)
 Metaspace       used 99124K, committed 100096K, reserved 1138688K
  class space    used 13668K, committed 14080K, reserved 1048576K
}
Event: 14.357 GC heap after
{Heap after GC invocations=57 (full 0):
 garbage-first heap   total 227328K, used 133611K [0x00000000a0000000, 0x0000000100000000)
  region size 1024K, 2 young (2048K), 2 survivors (2048K)
 Metaspace       used 99124K, committed 100096K, reserved 1138688K
  class space    used 13668K, committed 14080K, reserved 1048576K
}
Event: 14.813 GC heap before
{Heap before GC invocations=57 (full 0):
 garbage-first heap   total 227328K, used 182763K [0x00000000a0000000, 0x0000000100000000)
  region size 1024K, 50 young (51200K), 2 survivors (2048K)
 Metaspace       used 99888K, committed 100800K, reserved 1138688K
  class space    used 13768K, committed 14144K, reserved 1048576K
}

