# JRE version: OpenJDK Runtime Environment (17.0.6) (build 17.0.6+0-b2043.56-10027231)
# Java VM: OpenJDK 64-Bit Server VM (17.0.6+0-b2043.56-10027231, mixed mode, tiered, compressed oops, compressed class ptrs, g1 gc, windows-amd64)
GC Precious Log:
 CPUs: 8 total, 8 available
 Memory: 7991M
 Large Page Support: Disabled
 NUMA Support: Disabled
 Compressed Oops: Enabled (32-bit)
 Heap Region Size: 1M
 Heap Min Capacity: 8M
 Heap Initial Capacity: 126M
 Heap Max Capacity: 1536M
 Pre-touch: Disabled
 Parallel Workers: 8
 Concurrent Workers: 2
 Concurrent Refinement Workers: 8
 Periodic GC: Disabled
Heap:
 garbage-first heap   total 440320K, used 207271K [0x00000000a0000000, 0x0000000100000000)
  region size 1024K, 19 young (19456K), 2 survivors (2048K)
 Metaspace       used 103477K, committed 104832K, reserved 1146880K
  class space    used 14220K, committed 14848K, reserved 1048576K
GC Heap History (20 events):
Event: 20.965 GC heap before
{Heap before GC invocations=56 (full 0):
 garbage-first heap   total 262144K, used 193292K [0x00000000a0000000, 0x0000000100000000)
  region size 1024K, 82 young (83968K), 12 survivors (12288K)
 Metaspace       used 98581K, committed 99584K, reserved 1138688K
  class space    used 13604K, committed 14016K, reserved 1048576K
}
Event: 21.014 GC heap after
{Heap after GC invocations=57 (full 0):
 garbage-first heap   total 262144K, used 129891K [0x00000000a0000000, 0x0000000100000000)
  region size 1024K, 7 young (7168K), 7 survivors (7168K)
 Metaspace       used 98581K, committed 99584K, reserved 1138688K
  class space    used 13604K, committed 14016K, reserved 1048576K
}
Event: 21.858 GC heap before
{Heap before GC invocations=57 (full 0):
 garbage-first heap   total 262144K, used 201571K [0x00000000a0000000, 0x0000000100000000)
  region size 1024K, 77 young (78848K), 7 survivors (7168K)
 Metaspace       used 100004K, committed 100992K, reserved 1138688K
  class space    used 13758K, committed 14144K, reserved 1048576K
}
Event: 21.891 GC heap after
{Heap after GC invocations=58 (full 0):
 garbage-first heap   total 262144K, used 144384K [0x00000000a0000000, 0x0000000100000000)
  region size 1024K, 10 young (10240K), 10 survivors (10240K)
 Metaspace       used 100004K, committed 100992K, reserved 1138688K
  class space    used 13758K, committed 14144K, reserved 1048576K
}
Event: 26.765 GC heap before
{Heap before GC invocations=59 (full 0):
 garbage-first heap   total 266240K, used 206848K [0x00000000a0000000, 0x0000000100000000)
  region size 1024K, 71 young (72704K), 10 survivors (10240K)
 Metaspace       used 101147K, committed 102144K, reserved 1138688K
  class space    used 13939K, committed 14336K, reserved 1048576K
}
Event: 26.785 GC heap after
{Heap after GC invocations=60 (full 0):
 garbage-first heap   total 266240K, used 150972K [0x00000000a0000000, 0x0000000100000000)
  region size 1024K, 6 young (6144K), 6 survivors (6144K)
 Metaspace       used 101147K, committed 102144K, reserved 1138688K
  class space    used 13939K, committed 14336K, reserved 1048576K
}
Event: 31.964 GC heap before
{Heap before GC invocations=60 (full 0):
 garbage-first heap   total 266240K, used 158140K [0x00000000a0000000, 0x0000000100000000)
  region size 1024K, 13 young (13312K), 6 survivors (6144K)
 Metaspace       used 101430K, committed 102464K, reserved 1138688K
  class space    used 13992K, committed 14400K, reserved 1048576K
}
Event: 31.973 GC heap after
{Heap after GC invocations=61 (full 0):
 garbage-first heap   total 266240K, used 151193K [0x00000000a0000000, 0x0000000100000000)
  region size 1024K, 2 young (2048K), 2 survivors (2048K)
 Metaspace       used 101430K, committed 102464K, reserved 1138688K
  class space    used 13992K, committed 14400K, reserved 1048576K
}
Event: 76.161 GC heap before
{Heap before GC invocations=61 (full 0):
 garbage-first heap   total 266240K, used 212633K [0x00000000a0000000, 0x0000000100000000)
  region size 1024K, 62 young (63488K), 2 survivors (2048K)
 Metaspace       used 102446K, committed 103552K, reserved 1138688K
  class space    used 14098K, committed 14592K, reserved 1048576K
}
Event: 76.172 GC heap after
{Heap after GC invocations=62 (full 0):
 garbage-first heap   total 266240K, used 156372K [0x00000000a0000000, 0x0000000100000000)
  region size 1024K, 7 young (7168K), 7 survivors (7168K)
 Metaspace       used 102446K, committed 103552K, reserved 1138688K
  class space    used 14098K, committed 14592K, reserved 1048576K
}
Event: 77.213 GC heap before
{Heap before GC invocations=63 (full 0):
 garbage-first heap   total 278528K, used 215764K [0x00000000a0000000, 0x0000000100000000)
  region size 1024K, 65 young (66560K), 7 survivors (7168K)
 Metaspace       used 102655K, committed 103872K, reserved 1138688K
  class space    used 14120K, committed 14656K, reserved 1048576K
}
Event: 77.242 GC heap after
{Heap after GC invocations=64 (full 0):
 garbage-first heap   total 278528K, used 165709K [0x00000000a0000000, 0x0000000100000000)
  region size 1024K, 9 young (9216K), 9 survivors (9216K)
 Metaspace       used 102655K, committed 103872K, reserved 1138688K
  class space    used 14120K, committed 14656K, reserved 1048576K
}
Event: 77.350 GC heap before
{Heap before GC invocations=64 (full 0):
 garbage-first heap   total 278528K, used 169805K [0x00000000a0000000, 0x0000000100000000)
  region size 1024K, 13 young (13312K), 9 survivors (9216K)
 Metaspace       used 102662K, committed 103872K, reserved 1138688K
  class space    used 14120K, committed 14656K, reserved 1048576K
}
Event: 77.371 GC heap after
{Heap after GC invocations=65 (full 0):
 garbage-first heap   total 278528K, used 165611K [0x00000000a0000000, 0x0000000100000000)
  region size 1024K, 2 young (2048K), 2 survivors (2048K)
 Metaspace       used 102662K, committed 103872K, reserved 1138688K
  class space    used 14120K, committed 14656K, reserved 1048576K
}
Event: 78.218 GC heap before
{Heap before GC invocations=65 (full 0):
 garbage-first heap   total 278528K, used 225003K [0x00000000a0000000, 0x0000000100000000)
  region size 1024K, 60 young (61440K), 2 survivors (2048K)
 Metaspace       used 103099K, committed 104384K, reserved 1146880K
  class space    used 14162K, committed 14720K, reserved 1048576K
}
Event: 78.235 GC heap after
{Heap after GC invocations=66 (full 0):
 garbage-first heap   total 278528K, used 178803K [0x00000000a0000000, 0x0000000100000000)
  region size 1024K, 8 young (8192K), 8 survivors (8192K)
 Metaspace       used 103099K, committed 104384K, reserved 1146880K
  class space    used 14162K, committed 14720K, reserved 1048576K
}
Event: 78.991 GC heap before
{Heap before GC invocations=67 (full 0):
 garbage-first heap   total 311296K, used 221811K [0x00000000a0000000, 0x0000000100000000)
  region size 1024K, 51 young (52224K), 8 survivors (8192K)
 Metaspace       used 103451K, committed 104832K, reserved 1146880K
  class space    used 14218K, committed 14848K, reserved 1048576K
}
Event: 79.012 GC heap after
{Heap after GC invocations=68 (full 0):
 garbage-first heap   total 311296K, used 190116K [0x00000000a0000000, 0x0000000100000000)
  region size 1024K, 7 young (7168K), 7 survivors (7168K)
 Metaspace       used 103451K, committed 104832K, reserved 1146880K
  class space    used 14218K, committed 14848K, reserved 1048576K
}
Event: 79.160 GC heap before
{Heap before GC invocations=68 (full 0):
 garbage-first heap   total 311296K, used 197284K [0x00000000a0000000, 0x0000000100000000)
  region size 1024K, 15 young (15360K), 7 survivors (7168K)
 Metaspace       used 103470K, committed 104832K, reserved 1146880K
  class space    used 14219K, committed 14848K, reserved 1048576K
}
Event: 79.173 GC heap after
{Heap after GC invocations=69 (full 0):
 garbage-first heap   total 440320K, used 190887K [0x00000000a0000000, 0x0000000100000000)
  region size 1024K, 2 young (2048K), 2 survivors (2048K)
 Metaspace       used 103470K, committed 104832K, reserved 1146880K
  class space    used 14219K, committed 14848K, reserved 1048576K
}

