# JRE version: OpenJDK Runtime Environment (17.0.6) (build 17.0.6+0-b2043.56-10027231)
# Java VM: OpenJDK 64-Bit Server VM (17.0.6+0-b2043.56-10027231, mixed mode, tiered, compressed oops, compressed class ptrs, g1 gc, windows-amd64)
GC Precious Log:
 CPUs: 8 total, 8 available
 Memory: 7991M
 Large Page Support: Disabled
 NUMA Support: Disabled
 Compressed Oops: Enabled (32-bit)
 Heap Region Size: 1M
 Heap Min Capacity: 8M
 Heap Initial Capacity: 126M
 Heap Max Capacity: 1536M
 Pre-touch: Disabled
 Parallel Workers: 8
 Concurrent Workers: 2
 Concurrent Refinement Workers: 8
 Periodic GC: Disabled
Heap:
 garbage-first heap   total 209920K, used 126085K [0x00000000a0000000, 0x0000000100000000)
  region size 1024K, 9 young (9216K), 5 survivors (5120K)
 Metaspace       used 93290K, committed 94208K, reserved 1130496K
  class space    used 12871K, committed 13248K, reserved 1048576K
GC Heap History (20 events):
Event: 18.807 GC heap before
{Heap before GC invocations=30 (full 0):
 garbage-first heap   total 156672K, used 123048K [0x00000000a0000000, 0x0000000100000000)
  region size 1024K, 57 young (58368K), 7 survivors (7168K)
 Metaspace       used 83858K, committed 84608K, reserved 1122304K
  class space    used 11480K, committed 11776K, reserved 1048576K
}
Event: 18.816 GC heap after
{Heap after GC invocations=31 (full 0):
 garbage-first heap   total 156672K, used 75786K [0x00000000a0000000, 0x0000000100000000)
  region size 1024K, 7 young (7168K), 7 survivors (7168K)
 Metaspace       used 83858K, committed 84608K, reserved 1122304K
  class space    used 11480K, committed 11776K, reserved 1048576K
}
Event: 19.957 GC heap before
{Heap before GC invocations=31 (full 0):
 garbage-first heap   total 156672K, used 125962K [0x00000000a0000000, 0x0000000100000000)
  region size 1024K, 56 young (57344K), 7 survivors (7168K)
 Metaspace       used 87059K, committed 87808K, reserved 1130496K
  class space    used 11985K, committed 12288K, reserved 1048576K
}
Event: 19.968 GC heap after
{Heap after GC invocations=32 (full 0):
 garbage-first heap   total 156672K, used 80404K [0x00000000a0000000, 0x0000000100000000)
  region size 1024K, 7 young (7168K), 7 survivors (7168K)
 Metaspace       used 87059K, committed 87808K, reserved 1130496K
  class space    used 11985K, committed 12288K, reserved 1048576K
}
Event: 21.590 GC heap before
{Heap before GC invocations=32 (full 0):
 garbage-first heap   total 156672K, used 125460K [0x00000000a0000000, 0x0000000100000000)
  region size 1024K, 52 young (53248K), 7 survivors (7168K)
 Metaspace       used 88796K, committed 89536K, reserved 1130496K
  class space    used 12206K, committed 12480K, reserved 1048576K
}
Event: 21.602 GC heap after
{Heap after GC invocations=33 (full 0):
 garbage-first heap   total 156672K, used 85575K [0x00000000a0000000, 0x0000000100000000)
  region size 1024K, 5 young (5120K), 5 survivors (5120K)
 Metaspace       used 88796K, committed 89536K, reserved 1130496K
  class space    used 12206K, committed 12480K, reserved 1048576K
}
Event: 22.723 GC heap before
{Heap before GC invocations=34 (full 0):
 garbage-first heap   total 156672K, used 132679K [0x00000000a0000000, 0x0000000100000000)
  region size 1024K, 46 young (47104K), 5 survivors (5120K)
 Metaspace       used 89881K, committed 90624K, reserved 1130496K
  class space    used 12392K, committed 12672K, reserved 1048576K
}
Event: 22.730 GC heap after
{Heap after GC invocations=35 (full 0):
 garbage-first heap   total 156672K, used 100174K [0x00000000a0000000, 0x0000000100000000)
  region size 1024K, 6 young (6144K), 6 survivors (6144K)
 Metaspace       used 89881K, committed 90624K, reserved 1130496K
  class space    used 12392K, committed 12672K, reserved 1048576K
}
Event: 22.759 GC heap before
{Heap before GC invocations=35 (full 0):
 garbage-first heap   total 156672K, used 100174K [0x00000000a0000000, 0x0000000100000000)
  region size 1024K, 7 young (7168K), 6 survivors (6144K)
 Metaspace       used 89881K, committed 90624K, reserved 1130496K
  class space    used 12392K, committed 12672K, reserved 1048576K
}
Event: 22.763 GC heap after
{Heap after GC invocations=36 (full 0):
 garbage-first heap   total 156672K, used 101201K [0x00000000a0000000, 0x0000000100000000)
  region size 1024K, 1 young (1024K), 1 survivors (1024K)
 Metaspace       used 89881K, committed 90624K, reserved 1130496K
  class space    used 12392K, committed 12672K, reserved 1048576K
}
Event: 23.595 GC heap before
{Heap before GC invocations=36 (full 0):
 garbage-first heap   total 156672K, used 128849K [0x00000000a0000000, 0x0000000100000000)
  region size 1024K, 28 young (28672K), 1 survivors (1024K)
 Metaspace       used 90395K, committed 91264K, reserved 1130496K
  class space    used 12450K, committed 12800K, reserved 1048576K
}
Event: 23.602 GC heap after
{Heap after GC invocations=37 (full 0):
 garbage-first heap   total 156672K, used 105742K [0x00000000a0000000, 0x0000000100000000)
  region size 1024K, 4 young (4096K), 4 survivors (4096K)
 Metaspace       used 90395K, committed 91264K, reserved 1130496K
  class space    used 12450K, committed 12800K, reserved 1048576K
}
Event: 24.177 GC heap before
{Heap before GC invocations=38 (full 0):
 garbage-first heap   total 188416K, used 127246K [0x00000000a0000000, 0x0000000100000000)
  region size 1024K, 25 young (25600K), 4 survivors (4096K)
 Metaspace       used 90717K, committed 91584K, reserved 1130496K
  class space    used 12491K, committed 12800K, reserved 1048576K
}
Event: 24.187 GC heap after
{Heap after GC invocations=39 (full 0):
 garbage-first heap   total 188416K, used 111890K [0x00000000a0000000, 0x0000000100000000)
  region size 1024K, 4 young (4096K), 4 survivors (4096K)
 Metaspace       used 90717K, committed 91584K, reserved 1130496K
  class space    used 12491K, committed 12800K, reserved 1048576K
}
Event: 24.358 GC heap before
{Heap before GC invocations=39 (full 0):
 garbage-first heap   total 188416K, used 117010K [0x00000000a0000000, 0x0000000100000000)
  region size 1024K, 9 young (9216K), 4 survivors (4096K)
 Metaspace       used 90761K, committed 91584K, reserved 1130496K
  class space    used 12498K, committed 12800K, reserved 1048576K
}
Event: 24.366 GC heap after
{Heap after GC invocations=40 (full 0):
 garbage-first heap   total 188416K, used 113116K [0x00000000a0000000, 0x0000000100000000)
  region size 1024K, 2 young (2048K), 2 survivors (2048K)
 Metaspace       used 90761K, committed 91584K, reserved 1130496K
  class space    used 12498K, committed 12800K, reserved 1048576K
}
Event: 25.026 GC heap before
{Heap before GC invocations=40 (full 0):
 garbage-first heap   total 188416K, used 147932K [0x00000000a0000000, 0x0000000100000000)
  region size 1024K, 37 young (37888K), 2 survivors (2048K)
 Metaspace       used 91174K, committed 92032K, reserved 1130496K
  class space    used 12547K, committed 12864K, reserved 1048576K
}
Event: 25.032 GC heap after
{Heap after GC invocations=41 (full 0):
 garbage-first heap   total 188416K, used 117604K [0x00000000a0000000, 0x0000000100000000)
  region size 1024K, 5 young (5120K), 5 survivors (5120K)
 Metaspace       used 91174K, committed 92032K, reserved 1130496K
  class space    used 12547K, committed 12864K, reserved 1048576K
}
Event: 25.795 GC heap before
{Heap before GC invocations=42 (full 0):
 garbage-first heap   total 209920K, used 151396K [0x00000000a0000000, 0x0000000100000000)
  region size 1024K, 37 young (37888K), 5 survivors (5120K)
 Metaspace       used 92787K, committed 93696K, reserved 1130496K
  class space    used 12797K, committed 13120K, reserved 1048576K
}
Event: 25.807 GC heap after
{Heap after GC invocations=43 (full 0):
 garbage-first heap   total 209920K, used 123013K [0x00000000a0000000, 0x0000000100000000)
  region size 1024K, 5 young (5120K), 5 survivors (5120K)
 Metaspace       used 92787K, committed 93696K, reserved 1130496K
  class space    used 12797K, committed 13120K, reserved 1048576K
}

