# JRE version: OpenJDK Runtime Environment (17.0.6) (build 17.0.6+0-b2043.56-10027231)
# Java VM: OpenJDK 64-Bit Server VM (17.0.6+0-b2043.56-10027231, mixed mode, tiered, compressed oops, compressed class ptrs, g1 gc, windows-amd64)
GC Precious Log:
 CPUs: 8 total, 8 available
 Memory: 7991M
 Large Page Support: Disabled
 NUMA Support: Disabled
 Compressed Oops: Enabled (32-bit)
 Heap Region Size: 1M
 Heap Min Capacity: 8M
 Heap Initial Capacity: 126M
 Heap Max Capacity: 1536M
 Pre-touch: Disabled
 Parallel Workers: 8
 Concurrent Workers: 2
 Concurrent Refinement Workers: 8
 Periodic GC: Disabled
Heap:
 garbage-first heap   total 65536K, used 45111K [0x00000000a0000000, 0x0000000100000000)
  region size 1024K, 21 young (21504K), 3 survivors (3072K)
 Metaspace       used 42907K, committed 43264K, reserved 1089536K
  class space    used 5580K, committed 5696K, reserved 1048576K
GC Heap History (18 events):
Event: 0.903 GC heap before
{Heap before GC invocations=0 (full 0):
 garbage-first heap   total 129024K, used 28672K [0x00000000a0000000, 0x0000000100000000)
  region size 1024K, 23 young (23552K), 0 survivors (0K)
 Metaspace       used 10260K, committed 10432K, reserved 1064960K
  class space    used 1061K, committed 1152K, reserved 1048576K
}
Event: 0.910 GC heap after
{Heap after GC invocations=1 (full 0):
 garbage-first heap   total 129024K, used 9118K [0x00000000a0000000, 0x0000000100000000)
  region size 1024K, 3 young (3072K), 3 survivors (3072K)
 Metaspace       used 10260K, committed 10432K, reserved 1064960K
  class space    used 1061K, committed 1152K, reserved 1048576K
}
Event: 1.715 GC heap before
{Heap before GC invocations=1 (full 0):
 garbage-first heap   total 129024K, used 36766K [0x00000000a0000000, 0x0000000100000000)
  region size 1024K, 30 young (30720K), 3 survivors (3072K)
 Metaspace       used 11196K, committed 11392K, reserved 1064960K
  class space    used 1165K, committed 1280K, reserved 1048576K
}
Event: 1.719 GC heap after
{Heap after GC invocations=2 (full 0):
 garbage-first heap   total 129024K, used 12681K [0x00000000a0000000, 0x0000000100000000)
  region size 1024K, 4 young (4096K), 4 survivors (4096K)
 Metaspace       used 11196K, committed 11392K, reserved 1064960K
  class space    used 1165K, committed 1280K, reserved 1048576K
}
Event: 3.139 GC heap before
{Heap before GC invocations=2 (full 0):
 garbage-first heap   total 129024K, used 53641K [0x00000000a0000000, 0x0000000100000000)
  region size 1024K, 45 young (46080K), 4 survivors (4096K)
 Metaspace       used 21262K, committed 21504K, reserved 1073152K
  class space    used 2584K, committed 2688K, reserved 1048576K
}
Event: 3.146 GC heap after
{Heap after GC invocations=3 (full 0):
 garbage-first heap   total 129024K, used 17575K [0x00000000a0000000, 0x0000000100000000)
  region size 1024K, 9 young (9216K), 9 survivors (9216K)
 Metaspace       used 21262K, committed 21504K, reserved 1073152K
  class space    used 2584K, committed 2688K, reserved 1048576K
}
Event: 3.990 GC heap before
{Heap before GC invocations=4 (full 0):
 garbage-first heap   total 65536K, used 49319K [0x00000000a0000000, 0x0000000100000000)
  region size 1024K, 41 young (41984K), 9 survivors (9216K)
 Metaspace       used 26770K, committed 27072K, reserved 1073152K
  class space    used 3516K, committed 3648K, reserved 1048576K
}
Event: 3.994 GC heap after
{Heap after GC invocations=5 (full 0):
 garbage-first heap   total 65536K, used 19676K [0x00000000a0000000, 0x0000000100000000)
  region size 1024K, 3 young (3072K), 3 survivors (3072K)
 Metaspace       used 26770K, committed 27072K, reserved 1073152K
  class space    used 3516K, committed 3648K, reserved 1048576K
}
Event: 4.748 GC heap before
{Heap before GC invocations=5 (full 0):
 garbage-first heap   total 65536K, used 45276K [0x00000000a0000000, 0x0000000100000000)
  region size 1024K, 28 young (28672K), 3 survivors (3072K)
 Metaspace       used 30569K, committed 30848K, reserved 1081344K
  class space    used 4123K, committed 4224K, reserved 1048576K
}
Event: 4.750 GC heap after
{Heap after GC invocations=6 (full 0):
 garbage-first heap   total 65536K, used 20957K [0x00000000a0000000, 0x0000000100000000)
  region size 1024K, 2 young (2048K), 2 survivors (2048K)
 Metaspace       used 30569K, committed 30848K, reserved 1081344K
  class space    used 4123K, committed 4224K, reserved 1048576K
}
Event: 5.744 GC heap before
{Heap before GC invocations=6 (full 0):
 garbage-first heap   total 65536K, used 43485K [0x00000000a0000000, 0x0000000100000000)
  region size 1024K, 25 young (25600K), 2 survivors (2048K)
 Metaspace       used 35872K, committed 36096K, reserved 1081344K
  class space    used 4753K, committed 4864K, reserved 1048576K
}
Event: 5.746 GC heap after
{Heap after GC invocations=7 (full 0):
 garbage-first heap   total 65536K, used 22862K [0x00000000a0000000, 0x0000000100000000)
  region size 1024K, 4 young (4096K), 4 survivors (4096K)
 Metaspace       used 35872K, committed 36096K, reserved 1081344K
  class space    used 4753K, committed 4864K, reserved 1048576K
}
Event: 6.480 GC heap before
{Heap before GC invocations=8 (full 0):
 garbage-first heap   total 65536K, used 46414K [0x00000000a0000000, 0x0000000100000000)
  region size 1024K, 28 young (28672K), 4 survivors (4096K)
 Metaspace       used 38611K, committed 38912K, reserved 1089536K
  class space    used 5063K, committed 5184K, reserved 1048576K
}
Event: 6.486 GC heap after
{Heap after GC invocations=9 (full 0):
 garbage-first heap   total 65536K, used 26417K [0x00000000a0000000, 0x0000000100000000)
  region size 1024K, 4 young (4096K), 4 survivors (4096K)
 Metaspace       used 38611K, committed 38912K, reserved 1089536K
  class space    used 5063K, committed 5184K, reserved 1048576K
}
Event: 6.507 GC heap before
{Heap before GC invocations=9 (full 0):
 garbage-first heap   total 65536K, used 27441K [0x00000000a0000000, 0x0000000100000000)
  region size 1024K, 5 young (5120K), 4 survivors (4096K)
 Metaspace       used 38626K, committed 38912K, reserved 1089536K
  class space    used 5066K, committed 5184K, reserved 1048576K
}
Event: 6.509 GC heap after
{Heap after GC invocations=10 (full 0):
 garbage-first heap   total 65536K, used 25477K [0x00000000a0000000, 0x0000000100000000)
  region size 1024K, 1 young (1024K), 1 survivors (1024K)
 Metaspace       used 38626K, committed 38912K, reserved 1089536K
  class space    used 5066K, committed 5184K, reserved 1048576K
}
Event: 8.137 GC heap before
{Heap before GC invocations=10 (full 0):
 garbage-first heap   total 65536K, used 50053K [0x00000000a0000000, 0x0000000100000000)
  region size 1024K, 23 young (23552K), 1 survivors (1024K)
 Metaspace       used 41759K, committed 42112K, reserved 1089536K
  class space    used 5402K, committed 5568K, reserved 1048576K
}
Event: 8.141 GC heap after
{Heap after GC invocations=11 (full 0):
 garbage-first heap   total 65536K, used 27703K [0x00000000a0000000, 0x0000000100000000)
  region size 1024K, 3 young (3072K), 3 survivors (3072K)
 Metaspace       used 41759K, committed 42112K, reserved 1089536K
  class space    used 5402K, committed 5568K, reserved 1048576K
}

